{"C:\\Users\\Bouali\\Desktop\\projet app\\LINFO1212\\hotel_louvain_project\\db.js": {"path":"C:\\Users\\Bouali\\Desktop\\projet app\\LINFO1212\\hotel_louvain_project\\db.js","statementMap":{"0":{"start":{"line":3,"column":17},"end":{"line":3,"column":36}},"1":{"start":{"line":7,"column":2},"end":{"line":9,"column":47}},"2":{"start":{"line":11,"column":0},"end":{"line":18,"column":5}},"3":{"start":{"line":14,"column":4},"end":{"line":14,"column":49}},"4":{"start":{"line":17,"column":4},"end":{"line":17,"column":56}},"5":{"start":{"line":20,"column":0},"end":{"line":20,"column":26}}},"fnMap":{"0":{"name":"(anonymous_0)","decl":{"start":{"line":13,"column":8},"end":{"line":13,"column":9}},"loc":{"start":{"line":13,"column":14},"end":{"line":15,"column":3}},"line":13},"1":{"name":"(anonymous_1)","decl":{"start":{"line":16,"column":9},"end":{"line":16,"column":10}},"loc":{"start":{"line":16,"column":18},"end":{"line":18,"column":3}},"line":16}},"branchMap":{"0":{"loc":{"start":{"line":7,"column":2},"end":{"line":9,"column":47}},"type":"cond-expr","locations":[{"start":{"line":8,"column":6},"end":{"line":8,"column":52}},{"start":{"line":9,"column":6},"end":{"line":9,"column":47}}],"line":7}},"s":{"0":3,"1":3,"2":3,"3":3,"4":0,"5":3},"f":{"0":3,"1":0},"b":{"0":[3,0]},"_coverageSchema":"1a1c01bbd47fc00a2c39e90264f33305004495a9","hash":"5ca7749fb8b649176a921f09860270f947c17f6f"}
,"C:\\Users\\Bouali\\Desktop\\projet app\\LINFO1212\\hotel_louvain_project\\server.js": {"path":"C:\\Users\\Bouali\\Desktop\\projet app\\LINFO1212\\hotel_louvain_project\\server.js","statementMap":{"0":{"start":{"line":3,"column":16},"end":{"line":3,"column":34}},"1":{"start":{"line":4,"column":16},"end":{"line":4,"column":42}},"2":{"start":{"line":5,"column":13},"end":{"line":5,"column":28}},"3":{"start":{"line":6,"column":15},"end":{"line":6,"column":34}},"4":{"start":{"line":8,"column":13},"end":{"line":8,"column":37}},"5":{"start":{"line":9,"column":13},"end":{"line":9,"column":37}},"6":{"start":{"line":10,"column":20},"end":{"line":10,"column":51}},"7":{"start":{"line":11,"column":0},"end":{"line":11,"column":16}},"8":{"start":{"line":13,"column":12},"end":{"line":13,"column":21}},"9":{"start":{"line":14,"column":13},"end":{"line":14,"column":17}},"10":{"start":{"line":17,"column":0},"end":{"line":17,"column":30}},"11":{"start":{"line":18,"column":0},"end":{"line":18,"column":48}},"12":{"start":{"line":21,"column":0},"end":{"line":21,"column":56}},"13":{"start":{"line":22,"column":0},"end":{"line":22,"column":49}},"14":{"start":{"line":25,"column":0},"end":{"line":31,"column":2}},"15":{"start":{"line":34,"column":0},"end":{"line":37,"column":3}},"16":{"start":{"line":35,"column":2},"end":{"line":35,"column":45}},"17":{"start":{"line":36,"column":2},"end":{"line":36,"column":9}},"18":{"start":{"line":41,"column":2},"end":{"line":43,"column":3}},"19":{"start":{"line":42,"column":4},"end":{"line":42,"column":34}},"20":{"start":{"line":44,"column":2},"end":{"line":44,"column":9}},"21":{"start":{"line":48,"column":0},"end":{"line":56,"column":3}},"22":{"start":{"line":49,"column":2},"end":{"line":55,"column":3}},"23":{"start":{"line":50,"column":18},"end":{"line":50,"column":62}},"24":{"start":{"line":51,"column":4},"end":{"line":51,"column":35}},"25":{"start":{"line":53,"column":4},"end":{"line":53,"column":25}},"26":{"start":{"line":54,"column":4},"end":{"line":54,"column":43}},"27":{"start":{"line":59,"column":0},"end":{"line":74,"column":3}},"28":{"start":{"line":60,"column":15},"end":{"line":60,"column":38}},"29":{"start":{"line":61,"column":17},"end":{"line":61,"column":35}},"30":{"start":{"line":63,"column":2},"end":{"line":65,"column":3}},"31":{"start":{"line":64,"column":4},"end":{"line":64,"column":23}},"32":{"start":{"line":67,"column":2},"end":{"line":73,"column":3}},"33":{"start":{"line":68,"column":18},"end":{"line":68,"column":41}},"34":{"start":{"line":69,"column":4},"end":{"line":69,"column":41}},"35":{"start":{"line":71,"column":4},"end":{"line":71,"column":25}},"36":{"start":{"line":72,"column":4},"end":{"line":72,"column":43}},"37":{"start":{"line":77,"column":0},"end":{"line":88,"column":3}},"38":{"start":{"line":78,"column":2},"end":{"line":87,"column":3}},"39":{"start":{"line":79,"column":17},"end":{"line":79,"column":51}},"40":{"start":{"line":80,"column":4},"end":{"line":82,"column":5}},"41":{"start":{"line":81,"column":6},"end":{"line":81,"column":57}},"42":{"start":{"line":83,"column":4},"end":{"line":83,"column":40}},"43":{"start":{"line":85,"column":4},"end":{"line":85,"column":25}},"44":{"start":{"line":86,"column":4},"end":{"line":86,"column":43}},"45":{"start":{"line":91,"column":0},"end":{"line":120,"column":3}},"46":{"start":{"line":92,"column":40},"end":{"line":92,"column":48}},"47":{"start":{"line":94,"column":2},"end":{"line":96,"column":3}},"48":{"start":{"line":95,"column":4},"end":{"line":95,"column":51}},"49":{"start":{"line":98,"column":2},"end":{"line":119,"column":3}},"50":{"start":{"line":99,"column":17},"end":{"line":99,"column":51}},"51":{"start":{"line":100,"column":4},"end":{"line":102,"column":5}},"52":{"start":{"line":101,"column":6},"end":{"line":101,"column":57}},"53":{"start":{"line":104,"column":24},"end":{"line":111,"column":6}},"54":{"start":{"line":113,"column":4},"end":{"line":113,"column":29}},"55":{"start":{"line":115,"column":4},"end":{"line":115,"column":63}},"56":{"start":{"line":117,"column":4},"end":{"line":117,"column":25}},"57":{"start":{"line":118,"column":4},"end":{"line":118,"column":43}},"58":{"start":{"line":123,"column":0},"end":{"line":134,"column":3}},"59":{"start":{"line":124,"column":2},"end":{"line":133,"column":3}},"60":{"start":{"line":125,"column":25},"end":{"line":127,"column":28}},"61":{"start":{"line":129,"column":4},"end":{"line":129,"column":52}},"62":{"start":{"line":131,"column":4},"end":{"line":131,"column":25}},"63":{"start":{"line":132,"column":4},"end":{"line":132,"column":43}},"64":{"start":{"line":137,"column":0},"end":{"line":139,"column":3}},"65":{"start":{"line":138,"column":2},"end":{"line":138,"column":42}},"66":{"start":{"line":142,"column":0},"end":{"line":178,"column":3}},"67":{"start":{"line":143,"column":57},"end":{"line":143,"column":65}},"68":{"start":{"line":145,"column":2},"end":{"line":147,"column":3}},"69":{"start":{"line":146,"column":4},"end":{"line":146,"column":82}},"70":{"start":{"line":149,"column":2},"end":{"line":151,"column":3}},"71":{"start":{"line":150,"column":4},"end":{"line":150,"column":88}},"72":{"start":{"line":153,"column":2},"end":{"line":177,"column":3}},"73":{"start":{"line":154,"column":21},"end":{"line":154,"column":50}},"74":{"start":{"line":155,"column":4},"end":{"line":157,"column":5}},"75":{"start":{"line":156,"column":6},"end":{"line":156,"column":88}},"76":{"start":{"line":159,"column":25},"end":{"line":159,"column":56}},"77":{"start":{"line":161,"column":17},"end":{"line":165,"column":6}},"78":{"start":{"line":167,"column":4},"end":{"line":171,"column":6}},"79":{"start":{"line":173,"column":4},"end":{"line":173,"column":22}},"80":{"start":{"line":175,"column":4},"end":{"line":175,"column":25}},"81":{"start":{"line":176,"column":4},"end":{"line":176,"column":43}},"82":{"start":{"line":181,"column":0},"end":{"line":183,"column":3}},"83":{"start":{"line":182,"column":2},"end":{"line":182,"column":39}},"84":{"start":{"line":186,"column":0},"end":{"line":215,"column":3}},"85":{"start":{"line":187,"column":30},"end":{"line":187,"column":38}},"86":{"start":{"line":189,"column":2},"end":{"line":191,"column":3}},"87":{"start":{"line":190,"column":4},"end":{"line":190,"column":79}},"88":{"start":{"line":193,"column":2},"end":{"line":214,"column":3}},"89":{"start":{"line":194,"column":17},"end":{"line":194,"column":46}},"90":{"start":{"line":195,"column":4},"end":{"line":197,"column":5}},"91":{"start":{"line":196,"column":6},"end":{"line":196,"column":80}},"92":{"start":{"line":199,"column":23},"end":{"line":199,"column":72}},"93":{"start":{"line":200,"column":4},"end":{"line":202,"column":5}},"94":{"start":{"line":201,"column":6},"end":{"line":201,"column":80}},"95":{"start":{"line":204,"column":4},"end":{"line":208,"column":6}},"96":{"start":{"line":210,"column":4},"end":{"line":210,"column":22}},"97":{"start":{"line":212,"column":4},"end":{"line":212,"column":25}},"98":{"start":{"line":213,"column":4},"end":{"line":213,"column":43}},"99":{"start":{"line":218,"column":0},"end":{"line":222,"column":3}},"100":{"start":{"line":219,"column":2},"end":{"line":221,"column":5}},"101":{"start":{"line":220,"column":4},"end":{"line":220,"column":22}},"102":{"start":{"line":225,"column":0},"end":{"line":229,"column":1}},"103":{"start":{"line":226,"column":2},"end":{"line":228,"column":5}},"104":{"start":{"line":227,"column":4},"end":{"line":227,"column":64}},"105":{"start":{"line":232,"column":0},"end":{"line":232,"column":21}}},"fnMap":{"0":{"name":"(anonymous_0)","decl":{"start":{"line":34,"column":8},"end":{"line":34,"column":9}},"loc":{"start":{"line":34,"column":28},"end":{"line":37,"column":1}},"line":34},"1":{"name":"ensureAuthenticated","decl":{"start":{"line":40,"column":9},"end":{"line":40,"column":28}},"loc":{"start":{"line":40,"column":45},"end":{"line":45,"column":1}},"line":40},"2":{"name":"(anonymous_2)","decl":{"start":{"line":48,"column":13},"end":{"line":48,"column":14}},"loc":{"start":{"line":48,"column":33},"end":{"line":56,"column":1}},"line":48},"3":{"name":"(anonymous_3)","decl":{"start":{"line":59,"column":18},"end":{"line":59,"column":19}},"loc":{"start":{"line":59,"column":38},"end":{"line":74,"column":1}},"line":59},"4":{"name":"(anonymous_4)","decl":{"start":{"line":77,"column":22},"end":{"line":77,"column":23}},"loc":{"start":{"line":77,"column":42},"end":{"line":88,"column":1}},"line":77},"5":{"name":"(anonymous_5)","decl":{"start":{"line":91,"column":52},"end":{"line":91,"column":53}},"loc":{"start":{"line":91,"column":72},"end":{"line":120,"column":1}},"line":91},"6":{"name":"(anonymous_6)","decl":{"start":{"line":123,"column":49},"end":{"line":123,"column":50}},"loc":{"start":{"line":123,"column":69},"end":{"line":134,"column":1}},"line":123},"7":{"name":"(anonymous_7)","decl":{"start":{"line":137,"column":21},"end":{"line":137,"column":22}},"loc":{"start":{"line":137,"column":35},"end":{"line":139,"column":1}},"line":137},"8":{"name":"(anonymous_8)","decl":{"start":{"line":142,"column":22},"end":{"line":142,"column":23}},"loc":{"start":{"line":142,"column":42},"end":{"line":178,"column":1}},"line":142},"9":{"name":"(anonymous_9)","decl":{"start":{"line":181,"column":18},"end":{"line":181,"column":19}},"loc":{"start":{"line":181,"column":32},"end":{"line":183,"column":1}},"line":181},"10":{"name":"(anonymous_10)","decl":{"start":{"line":186,"column":19},"end":{"line":186,"column":20}},"loc":{"start":{"line":186,"column":39},"end":{"line":215,"column":1}},"line":186},"11":{"name":"(anonymous_11)","decl":{"start":{"line":218,"column":19},"end":{"line":218,"column":20}},"loc":{"start":{"line":218,"column":33},"end":{"line":222,"column":1}},"line":218},"12":{"name":"(anonymous_12)","decl":{"start":{"line":219,"column":22},"end":{"line":219,"column":23}},"loc":{"start":{"line":219,"column":28},"end":{"line":221,"column":3}},"line":219},"13":{"name":"(anonymous_13)","decl":{"start":{"line":226,"column":19},"end":{"line":226,"column":20}},"loc":{"start":{"line":226,"column":25},"end":{"line":228,"column":3}},"line":226}},"branchMap":{"0":{"loc":{"start":{"line":35,"column":20},"end":{"line":35,"column":44}},"type":"binary-expr","locations":[{"start":{"line":35,"column":20},"end":{"line":35,"column":36}},{"start":{"line":35,"column":40},"end":{"line":35,"column":44}}],"line":35},"1":{"loc":{"start":{"line":41,"column":2},"end":{"line":43,"column":3}},"type":"if","locations":[{"start":{"line":41,"column":2},"end":{"line":43,"column":3}},{"start":{},"end":{}}],"line":41},"2":{"loc":{"start":{"line":60,"column":15},"end":{"line":60,"column":38}},"type":"binary-expr","locations":[{"start":{"line":60,"column":15},"end":{"line":60,"column":29}},{"start":{"line":60,"column":33},"end":{"line":60,"column":38}}],"line":60},"3":{"loc":{"start":{"line":63,"column":2},"end":{"line":65,"column":3}},"type":"if","locations":[{"start":{"line":63,"column":2},"end":{"line":65,"column":3}},{"start":{},"end":{}}],"line":63},"4":{"loc":{"start":{"line":80,"column":4},"end":{"line":82,"column":5}},"type":"if","locations":[{"start":{"line":80,"column":4},"end":{"line":82,"column":5}},{"start":{},"end":{}}],"line":80},"5":{"loc":{"start":{"line":80,"column":8},"end":{"line":80,"column":31}},"type":"binary-expr","locations":[{"start":{"line":80,"column":8},"end":{"line":80,"column":13}},{"start":{"line":80,"column":17},"end":{"line":80,"column":31}}],"line":80},"6":{"loc":{"start":{"line":94,"column":2},"end":{"line":96,"column":3}},"type":"if","locations":[{"start":{"line":94,"column":2},"end":{"line":96,"column":3}},{"start":{},"end":{}}],"line":94},"7":{"loc":{"start":{"line":94,"column":6},"end":{"line":94,"column":38}},"type":"binary-expr","locations":[{"start":{"line":94,"column":6},"end":{"line":94,"column":14}},{"start":{"line":94,"column":18},"end":{"line":94,"column":27}},{"start":{"line":94,"column":31},"end":{"line":94,"column":38}}],"line":94},"8":{"loc":{"start":{"line":100,"column":4},"end":{"line":102,"column":5}},"type":"if","locations":[{"start":{"line":100,"column":4},"end":{"line":102,"column":5}},{"start":{},"end":{}}],"line":100},"9":{"loc":{"start":{"line":100,"column":8},"end":{"line":100,"column":31}},"type":"binary-expr","locations":[{"start":{"line":100,"column":8},"end":{"line":100,"column":13}},{"start":{"line":100,"column":17},"end":{"line":100,"column":31}}],"line":100},"10":{"loc":{"start":{"line":145,"column":2},"end":{"line":147,"column":3}},"type":"if","locations":[{"start":{"line":145,"column":2},"end":{"line":147,"column":3}},{"start":{},"end":{}}],"line":145},"11":{"loc":{"start":{"line":145,"column":6},"end":{"line":145,"column":58}},"type":"binary-expr","locations":[{"start":{"line":145,"column":6},"end":{"line":145,"column":12}},{"start":{"line":145,"column":16},"end":{"line":145,"column":25}},{"start":{"line":145,"column":29},"end":{"line":145,"column":38}},{"start":{"line":145,"column":42},"end":{"line":145,"column":58}}],"line":145},"12":{"loc":{"start":{"line":149,"column":2},"end":{"line":151,"column":3}},"type":"if","locations":[{"start":{"line":149,"column":2},"end":{"line":151,"column":3}},{"start":{},"end":{}}],"line":149},"13":{"loc":{"start":{"line":155,"column":4},"end":{"line":157,"column":5}},"type":"if","locations":[{"start":{"line":155,"column":4},"end":{"line":157,"column":5}},{"start":{},"end":{}}],"line":155},"14":{"loc":{"start":{"line":189,"column":2},"end":{"line":191,"column":3}},"type":"if","locations":[{"start":{"line":189,"column":2},"end":{"line":191,"column":3}},{"start":{},"end":{}}],"line":189},"15":{"loc":{"start":{"line":189,"column":6},"end":{"line":189,"column":25}},"type":"binary-expr","locations":[{"start":{"line":189,"column":6},"end":{"line":189,"column":12}},{"start":{"line":189,"column":16},"end":{"line":189,"column":25}}],"line":189},"16":{"loc":{"start":{"line":195,"column":4},"end":{"line":197,"column":5}},"type":"if","locations":[{"start":{"line":195,"column":4},"end":{"line":197,"column":5}},{"start":{},"end":{}}],"line":195},"17":{"loc":{"start":{"line":200,"column":4},"end":{"line":202,"column":5}},"type":"if","locations":[{"start":{"line":200,"column":4},"end":{"line":202,"column":5}},{"start":{},"end":{}}],"line":200},"18":{"loc":{"start":{"line":225,"column":0},"end":{"line":229,"column":1}},"type":"if","locations":[{"start":{"line":225,"column":0},"end":{"line":229,"column":1}},{"start":{},"end":{}}],"line":225}},"s":{"0":1,"1":1,"2":1,"3":1,"4":1,"5":1,"6":1,"7":1,"8":1,"9":1,"10":1,"11":1,"12":1,"13":1,"14":1,"15":1,"16":1,"17":1,"18":0,"19":0,"20":0,"21":1,"22":0,"23":0,"24":0,"25":0,"26":0,"27":1,"28":1,"29":1,"30":1,"31":0,"32":1,"33":1,"34":1,"35":0,"36":0,"37":1,"38":0,"39":0,"40":0,"41":0,"42":0,"43":0,"44":0,"45":1,"46":0,"47":0,"48":0,"49":0,"50":0,"51":0,"52":0,"53":0,"54":0,"55":0,"56":0,"57":0,"58":1,"59":0,"60":0,"61":0,"62":0,"63":0,"64":1,"65":0,"66":1,"67":0,"68":0,"69":0,"70":0,"71":0,"72":0,"73":0,"74":0,"75":0,"76":0,"77":0,"78":0,"79":0,"80":0,"81":0,"82":1,"83":0,"84":1,"85":0,"86":0,"87":0,"88":0,"89":0,"90":0,"91":0,"92":0,"93":0,"94":0,"95":0,"96":0,"97":0,"98":0,"99":1,"100":0,"101":0,"102":1,"103":0,"104":0,"105":1},"f":{"0":1,"1":0,"2":0,"3":1,"4":0,"5":0,"6":0,"7":0,"8":0,"9":0,"10":0,"11":0,"12":0,"13":0},"b":{"0":[1,1],"1":[0,0],"2":[1,1],"3":[0,1],"4":[0,0],"5":[0,0],"6":[0,0],"7":[0,0,0],"8":[0,0],"9":[0,0],"10":[0,0],"11":[0,0,0,0],"12":[0,0],"13":[0,0],"14":[0,0],"15":[0,0],"16":[0,0],"17":[0,0],"18":[0,1]},"_coverageSchema":"1a1c01bbd47fc00a2c39e90264f33305004495a9","hash":"b692206388e317021b78789dd6a78215635dabcb"}
,"C:\\Users\\Bouali\\Desktop\\projet app\\LINFO1212\\hotel_louvain_project\\models\\Reservation.js": {"path":"C:\\Users\\Bouali\\Desktop\\projet app\\LINFO1212\\hotel_louvain_project\\models\\Reservation.js","statementMap":{"0":{"start":{"line":3,"column":17},"end":{"line":3,"column":36}},"1":{"start":{"line":5,"column":26},"end":{"line":17,"column":2}},"2":{"start":{"line":19,"column":0},"end":{"line":19,"column":66}}},"fnMap":{},"branchMap":{},"s":{"0":2,"1":2,"2":2},"f":{},"b":{},"_coverageSchema":"1a1c01bbd47fc00a2c39e90264f33305004495a9","hash":"ee84e0a5bd31283084231f798bd7858a0370ba44"}
,"C:\\Users\\Bouali\\Desktop\\projet app\\LINFO1212\\hotel_louvain_project\\models\\Room.js": {"path":"C:\\Users\\Bouali\\Desktop\\projet app\\LINFO1212\\hotel_louvain_project\\models\\Room.js","statementMap":{"0":{"start":{"line":3,"column":17},"end":{"line":3,"column":36}},"1":{"start":{"line":5,"column":19},"end":{"line":18,"column":2}},"2":{"start":{"line":20,"column":0},"end":{"line":20,"column":52}}},"fnMap":{},"branchMap":{},"s":{"0":1,"1":1,"2":1},"f":{},"b":{},"_coverageSchema":"1a1c01bbd47fc00a2c39e90264f33305004495a9","hash":"8f9e168b9b9c0274b878c9beaf475b186635e5ec"}
,"C:\\Users\\Bouali\\Desktop\\projet app\\LINFO1212\\hotel_louvain_project\\models\\User.js": {"path":"C:\\Users\\Bouali\\Desktop\\projet app\\LINFO1212\\hotel_louvain_project\\models\\User.js","statementMap":{"0":{"start":{"line":3,"column":17},"end":{"line":3,"column":36}},"1":{"start":{"line":5,"column":19},"end":{"line":9,"column":2}},"2":{"start":{"line":11,"column":0},"end":{"line":11,"column":52}}},"fnMap":{},"branchMap":{},"s":{"0":2,"1":2,"2":2},"f":{},"b":{},"_coverageSchema":"1a1c01bbd47fc00a2c39e90264f33305004495a9","hash":"aeecf95f54c1731c9ed8bfda67198fcc0b7dc836"}
}
