{"/workspaces/LINFO1212/hotel_louvain_project/db.js": {"path":"/workspaces/LINFO1212/hotel_louvain_project/db.js","statementMap":{"0":{"start":{"line":3,"column":17},"end":{"line":3,"column":36}},"1":{"start":{"line":7,"column":2},"end":{"line":9,"column":47}},"2":{"start":{"line":11,"column":0},"end":{"line":18,"column":5}},"3":{"start":{"line":14,"column":4},"end":{"line":14,"column":49}},"4":{"start":{"line":17,"column":4},"end":{"line":17,"column":56}},"5":{"start":{"line":20,"column":0},"end":{"line":20,"column":26}}},"fnMap":{"0":{"name":"(anonymous_0)","decl":{"start":{"line":13,"column":8},"end":{"line":13,"column":9}},"loc":{"start":{"line":13,"column":14},"end":{"line":15,"column":3}},"line":13},"1":{"name":"(anonymous_1)","decl":{"start":{"line":16,"column":9},"end":{"line":16,"column":10}},"loc":{"start":{"line":16,"column":18},"end":{"line":18,"column":3}},"line":16}},"branchMap":{"0":{"loc":{"start":{"line":7,"column":2},"end":{"line":9,"column":47}},"type":"cond-expr","locations":[{"start":{"line":8,"column":6},"end":{"line":8,"column":52}},{"start":{"line":9,"column":6},"end":{"line":9,"column":47}}],"line":7}},"s":{"0":3,"1":3,"2":3,"3":3,"4":0,"5":3},"f":{"0":3,"1":0},"b":{"0":[3,0]},"_coverageSchema":"1a1c01bbd47fc00a2c39e90264f33305004495a9","hash":"3a601edc93e84605c20f8cb60fa26581bb93cb90"}
,"/workspaces/LINFO1212/hotel_louvain_project/server.js": {"path":"/workspaces/LINFO1212/hotel_louvain_project/server.js","statementMap":{"0":{"start":{"line":2,"column":16},"end":{"line":2,"column":34}},"1":{"start":{"line":3,"column":16},"end":{"line":3,"column":42}},"2":{"start":{"line":4,"column":13},"end":{"line":4,"column":28}},"3":{"start":{"line":5,"column":15},"end":{"line":5,"column":34}},"4":{"start":{"line":8,"column":13},"end":{"line":8,"column":37}},"5":{"start":{"line":9,"column":13},"end":{"line":9,"column":37}},"6":{"start":{"line":10,"column":20},"end":{"line":10,"column":51}},"7":{"start":{"line":13,"column":0},"end":{"line":13,"column":15}},"8":{"start":{"line":16,"column":12},"end":{"line":16,"column":21}},"9":{"start":{"line":17,"column":13},"end":{"line":17,"column":17}},"10":{"start":{"line":20,"column":0},"end":{"line":20,"column":29}},"11":{"start":{"line":21,"column":0},"end":{"line":21,"column":47}},"12":{"start":{"line":24,"column":0},"end":{"line":24,"column":55}},"13":{"start":{"line":27,"column":0},"end":{"line":27,"column":48}},"14":{"start":{"line":30,"column":0},"end":{"line":34,"column":3}},"15":{"start":{"line":37,"column":0},"end":{"line":40,"column":2}},"16":{"start":{"line":38,"column":2},"end":{"line":38,"column":44}},"17":{"start":{"line":39,"column":2},"end":{"line":39,"column":8}},"18":{"start":{"line":43,"column":13},"end":{"line":48,"column":1}},"19":{"start":{"line":44,"column":2},"end":{"line":46,"column":3}},"20":{"start":{"line":45,"column":4},"end":{"line":45,"column":33}},"21":{"start":{"line":47,"column":2},"end":{"line":47,"column":8}},"22":{"start":{"line":51,"column":22},"end":{"line":65,"column":1}},"23":{"start":{"line":52,"column":12},"end":{"line":52,"column":27}},"24":{"start":{"line":53,"column":12},"end":{"line":53,"column":25}},"25":{"start":{"line":56,"column":2},"end":{"line":56,"column":24}},"26":{"start":{"line":57,"column":2},"end":{"line":57,"column":24}},"27":{"start":{"line":60,"column":15},"end":{"line":60,"column":20}},"28":{"start":{"line":61,"column":17},"end":{"line":61,"column":43}},"29":{"start":{"line":64,"column":2},"end":{"line":64,"column":28}},"30":{"start":{"line":68,"column":0},"end":{"line":79,"column":2}},"31":{"start":{"line":69,"column":2},"end":{"line":78,"column":3}},"32":{"start":{"line":71,"column":18},"end":{"line":71,"column":62}},"33":{"start":{"line":74,"column":4},"end":{"line":74,"column":34}},"34":{"start":{"line":76,"column":4},"end":{"line":76,"column":22}},"35":{"start":{"line":77,"column":4},"end":{"line":77,"column":42}},"36":{"start":{"line":82,"column":0},"end":{"line":110,"column":2}},"37":{"start":{"line":84,"column":15},"end":{"line":84,"column":38}},"38":{"start":{"line":85,"column":12},"end":{"line":85,"column":38}},"39":{"start":{"line":88,"column":17},"end":{"line":88,"column":35}},"40":{"start":{"line":91,"column":2},"end":{"line":93,"column":3}},"41":{"start":{"line":92,"column":4},"end":{"line":92,"column":22}},"42":{"start":{"line":96,"column":2},"end":{"line":98,"column":3}},"43":{"start":{"line":97,"column":4},"end":{"line":97,"column":46}},"44":{"start":{"line":100,"column":2},"end":{"line":109,"column":3}},"45":{"start":{"line":102,"column":18},"end":{"line":102,"column":41}},"46":{"start":{"line":105,"column":4},"end":{"line":105,"column":43}},"47":{"start":{"line":107,"column":4},"end":{"line":107,"column":22}},"48":{"start":{"line":108,"column":4},"end":{"line":108,"column":42}},"49":{"start":{"line":113,"column":0},"end":{"line":129,"column":2}},"50":{"start":{"line":114,"column":2},"end":{"line":128,"column":3}},"51":{"start":{"line":116,"column":17},"end":{"line":116,"column":51}},"52":{"start":{"line":119,"column":4},"end":{"line":121,"column":5}},"53":{"start":{"line":120,"column":6},"end":{"line":120,"column":56}},"54":{"start":{"line":124,"column":4},"end":{"line":124,"column":52}},"55":{"start":{"line":126,"column":4},"end":{"line":126,"column":22}},"56":{"start":{"line":127,"column":4},"end":{"line":127,"column":42}},"57":{"start":{"line":132,"column":0},"end":{"line":203,"column":2}},"58":{"start":{"line":134,"column":40},"end":{"line":134,"column":48}},"59":{"start":{"line":137,"column":2},"end":{"line":139,"column":3}},"60":{"start":{"line":138,"column":4},"end":{"line":138,"column":50}},"61":{"start":{"line":141,"column":2},"end":{"line":202,"column":3}},"62":{"start":{"line":143,"column":17},"end":{"line":143,"column":51}},"63":{"start":{"line":146,"column":4},"end":{"line":148,"column":5}},"64":{"start":{"line":147,"column":6},"end":{"line":147,"column":56}},"65":{"start":{"line":151,"column":16},"end":{"line":151,"column":33}},"66":{"start":{"line":152,"column":17},"end":{"line":152,"column":35}},"67":{"start":{"line":155,"column":4},"end":{"line":160,"column":5}},"68":{"start":{"line":156,"column":6},"end":{"line":159,"column":8}},"69":{"start":{"line":163,"column":21},"end":{"line":168,"column":6}},"70":{"start":{"line":171,"column":4},"end":{"line":176,"column":5}},"71":{"start":{"line":172,"column":6},"end":{"line":175,"column":8}},"72":{"start":{"line":179,"column":24},"end":{"line":186,"column":6}},"73":{"start":{"line":189,"column":19},"end":{"line":189,"column":43}},"74":{"start":{"line":190,"column":23},"end":{"line":190,"column":50}},"75":{"start":{"line":193,"column":4},"end":{"line":198,"column":6}},"76":{"start":{"line":200,"column":4},"end":{"line":200,"column":22}},"77":{"start":{"line":201,"column":4},"end":{"line":201,"column":42}},"78":{"start":{"line":206,"column":0},"end":{"line":226,"column":2}},"79":{"start":{"line":207,"column":2},"end":{"line":225,"column":3}},"80":{"start":{"line":209,"column":16},"end":{"line":211,"column":28}},"81":{"start":{"line":214,"column":25},"end":{"line":218,"column":6}},"82":{"start":{"line":215,"column":21},"end":{"line":215,"column":57}},"83":{"start":{"line":216,"column":25},"end":{"line":216,"column":71}},"84":{"start":{"line":217,"column":6},"end":{"line":217,"column":52}},"85":{"start":{"line":221,"column":4},"end":{"line":221,"column":51}},"86":{"start":{"line":223,"column":4},"end":{"line":223,"column":22}},"87":{"start":{"line":224,"column":4},"end":{"line":224,"column":42}},"88":{"start":{"line":229,"column":0},"end":{"line":250,"column":2}},"89":{"start":{"line":230,"column":2},"end":{"line":249,"column":3}},"90":{"start":{"line":232,"column":14},"end":{"line":232,"column":74}},"91":{"start":{"line":235,"column":4},"end":{"line":237,"column":5}},"92":{"start":{"line":236,"column":6},"end":{"line":236,"column":51}},"93":{"start":{"line":241,"column":6},"end":{"line":242,"column":54}},"94":{"start":{"line":245,"column":4},"end":{"line":245,"column":80}},"95":{"start":{"line":247,"column":4},"end":{"line":247,"column":22}},"96":{"start":{"line":248,"column":4},"end":{"line":248,"column":42}},"97":{"start":{"line":253,"column":0},"end":{"line":278,"column":2}},"98":{"start":{"line":254,"column":2},"end":{"line":277,"column":3}},"99":{"start":{"line":256,"column":14},"end":{"line":256,"column":55}},"100":{"start":{"line":259,"column":4},"end":{"line":261,"column":5}},"101":{"start":{"line":260,"column":6},"end":{"line":260,"column":51}},"102":{"start":{"line":264,"column":4},"end":{"line":266,"column":5}},"103":{"start":{"line":265,"column":6},"end":{"line":265,"column":58}},"104":{"start":{"line":269,"column":4},"end":{"line":269,"column":26}},"105":{"start":{"line":270,"column":4},"end":{"line":270,"column":18}},"106":{"start":{"line":273,"column":4},"end":{"line":273,"column":36}},"107":{"start":{"line":275,"column":4},"end":{"line":275,"column":22}},"108":{"start":{"line":276,"column":4},"end":{"line":276,"column":42}},"109":{"start":{"line":281,"column":0},"end":{"line":283,"column":2}},"110":{"start":{"line":282,"column":2},"end":{"line":282,"column":41}},"111":{"start":{"line":286,"column":0},"end":{"line":315,"column":2}},"112":{"start":{"line":287,"column":57},"end":{"line":287,"column":65}},"113":{"start":{"line":290,"column":2},"end":{"line":292,"column":3}},"114":{"start":{"line":291,"column":4},"end":{"line":291,"column":71}},"115":{"start":{"line":294,"column":2},"end":{"line":314,"column":3}},"116":{"start":{"line":296,"column":4},"end":{"line":298,"column":5}},"117":{"start":{"line":297,"column":6},"end":{"line":297,"column":69}},"118":{"start":{"line":301,"column":17},"end":{"line":305,"column":6}},"119":{"start":{"line":308,"column":4},"end":{"line":308,"column":57}},"120":{"start":{"line":310,"column":4},"end":{"line":310,"column":21}},"121":{"start":{"line":312,"column":4},"end":{"line":312,"column":22}},"122":{"start":{"line":313,"column":4},"end":{"line":313,"column":42}},"123":{"start":{"line":318,"column":0},"end":{"line":320,"column":2}},"124":{"start":{"line":319,"column":2},"end":{"line":319,"column":38}},"125":{"start":{"line":323,"column":0},"end":{"line":348,"column":2}},"126":{"start":{"line":324,"column":30},"end":{"line":324,"column":38}},"127":{"start":{"line":327,"column":2},"end":{"line":329,"column":3}},"128":{"start":{"line":328,"column":4},"end":{"line":328,"column":62}},"129":{"start":{"line":331,"column":2},"end":{"line":347,"column":3}},"130":{"start":{"line":333,"column":17},"end":{"line":333,"column":46}},"131":{"start":{"line":336,"column":4},"end":{"line":338,"column":5}},"132":{"start":{"line":337,"column":6},"end":{"line":337,"column":71}},"133":{"start":{"line":341,"column":4},"end":{"line":341,"column":72}},"134":{"start":{"line":343,"column":4},"end":{"line":343,"column":21}},"135":{"start":{"line":345,"column":4},"end":{"line":345,"column":22}},"136":{"start":{"line":346,"column":4},"end":{"line":346,"column":42}},"137":{"start":{"line":351,"column":0},"end":{"line":353,"column":2}},"138":{"start":{"line":352,"column":2},"end":{"line":352,"column":46}},"139":{"start":{"line":352,"column":28},"end":{"line":352,"column":45}},"140":{"start":{"line":356,"column":0},"end":{"line":360,"column":1}},"141":{"start":{"line":357,"column":2},"end":{"line":359,"column":4}},"142":{"start":{"line":358,"column":4},"end":{"line":358,"column":63}},"143":{"start":{"line":363,"column":0},"end":{"line":363,"column":20}}},"fnMap":{"0":{"name":"(anonymous_0)","decl":{"start":{"line":37,"column":8},"end":{"line":37,"column":9}},"loc":{"start":{"line":37,"column":28},"end":{"line":40,"column":1}},"line":37},"1":{"name":"(anonymous_1)","decl":{"start":{"line":43,"column":13},"end":{"line":43,"column":14}},"loc":{"start":{"line":43,"column":33},"end":{"line":48,"column":1}},"line":43},"2":{"name":"(anonymous_2)","decl":{"start":{"line":51,"column":22},"end":{"line":51,"column":23}},"loc":{"start":{"line":51,"column":38},"end":{"line":65,"column":1}},"line":51},"3":{"name":"(anonymous_3)","decl":{"start":{"line":68,"column":13},"end":{"line":68,"column":14}},"loc":{"start":{"line":68,"column":33},"end":{"line":79,"column":1}},"line":68},"4":{"name":"(anonymous_4)","decl":{"start":{"line":82,"column":18},"end":{"line":82,"column":19}},"loc":{"start":{"line":82,"column":38},"end":{"line":110,"column":1}},"line":82},"5":{"name":"(anonymous_5)","decl":{"start":{"line":113,"column":22},"end":{"line":113,"column":23}},"loc":{"start":{"line":113,"column":42},"end":{"line":129,"column":1}},"line":113},"6":{"name":"(anonymous_6)","decl":{"start":{"line":132,"column":37},"end":{"line":132,"column":38}},"loc":{"start":{"line":132,"column":57},"end":{"line":203,"column":1}},"line":132},"7":{"name":"(anonymous_7)","decl":{"start":{"line":206,"column":34},"end":{"line":206,"column":35}},"loc":{"start":{"line":206,"column":54},"end":{"line":226,"column":1}},"line":206},"8":{"name":"(anonymous_8)","decl":{"start":{"line":214,"column":33},"end":{"line":214,"column":34}},"loc":{"start":{"line":214,"column":38},"end":{"line":218,"column":5}},"line":214},"9":{"name":"(anonymous_9)","decl":{"start":{"line":229,"column":42},"end":{"line":229,"column":43}},"loc":{"start":{"line":229,"column":62},"end":{"line":250,"column":1}},"line":229},"10":{"name":"(anonymous_10)","decl":{"start":{"line":253,"column":43},"end":{"line":253,"column":44}},"loc":{"start":{"line":253,"column":63},"end":{"line":278,"column":1}},"line":253},"11":{"name":"(anonymous_11)","decl":{"start":{"line":281,"column":21},"end":{"line":281,"column":22}},"loc":{"start":{"line":281,"column":35},"end":{"line":283,"column":1}},"line":281},"12":{"name":"(anonymous_12)","decl":{"start":{"line":286,"column":22},"end":{"line":286,"column":23}},"loc":{"start":{"line":286,"column":42},"end":{"line":315,"column":1}},"line":286},"13":{"name":"(anonymous_13)","decl":{"start":{"line":318,"column":18},"end":{"line":318,"column":19}},"loc":{"start":{"line":318,"column":32},"end":{"line":320,"column":1}},"line":318},"14":{"name":"(anonymous_14)","decl":{"start":{"line":323,"column":19},"end":{"line":323,"column":20}},"loc":{"start":{"line":323,"column":39},"end":{"line":348,"column":1}},"line":323},"15":{"name":"(anonymous_15)","decl":{"start":{"line":351,"column":19},"end":{"line":351,"column":20}},"loc":{"start":{"line":351,"column":33},"end":{"line":353,"column":1}},"line":351},"16":{"name":"(anonymous_16)","decl":{"start":{"line":352,"column":22},"end":{"line":352,"column":23}},"loc":{"start":{"line":352,"column":28},"end":{"line":352,"column":45}},"line":352},"17":{"name":"(anonymous_17)","decl":{"start":{"line":357,"column":19},"end":{"line":357,"column":20}},"loc":{"start":{"line":357,"column":25},"end":{"line":359,"column":3}},"line":357}},"branchMap":{"0":{"loc":{"start":{"line":38,"column":20},"end":{"line":38,"column":44}},"type":"binary-expr","locations":[{"start":{"line":38,"column":20},"end":{"line":38,"column":36}},{"start":{"line":38,"column":40},"end":{"line":38,"column":44}}],"line":38},"1":{"loc":{"start":{"line":44,"column":2},"end":{"line":46,"column":3}},"type":"if","locations":[{"start":{"line":44,"column":2},"end":{"line":46,"column":3}},{"start":{},"end":{}}],"line":44},"2":{"loc":{"start":{"line":84,"column":15},"end":{"line":84,"column":38}},"type":"binary-expr","locations":[{"start":{"line":84,"column":15},"end":{"line":84,"column":29}},{"start":{"line":84,"column":33},"end":{"line":84,"column":38}}],"line":84},"3":{"loc":{"start":{"line":85,"column":13},"end":{"line":85,"column":30}},"type":"binary-expr","locations":[{"start":{"line":85,"column":13},"end":{"line":85,"column":24}},{"start":{"line":85,"column":28},"end":{"line":85,"column":30}}],"line":85},"4":{"loc":{"start":{"line":91,"column":2},"end":{"line":93,"column":3}},"type":"if","locations":[{"start":{"line":91,"column":2},"end":{"line":93,"column":3}},{"start":{},"end":{}}],"line":91},"5":{"loc":{"start":{"line":96,"column":2},"end":{"line":98,"column":3}},"type":"if","locations":[{"start":{"line":96,"column":2},"end":{"line":98,"column":3}},{"start":{},"end":{}}],"line":96},"6":{"loc":{"start":{"line":119,"column":4},"end":{"line":121,"column":5}},"type":"if","locations":[{"start":{"line":119,"column":4},"end":{"line":121,"column":5}},{"start":{},"end":{}}],"line":119},"7":{"loc":{"start":{"line":119,"column":8},"end":{"line":119,"column":31}},"type":"binary-expr","locations":[{"start":{"line":119,"column":8},"end":{"line":119,"column":13}},{"start":{"line":119,"column":17},"end":{"line":119,"column":31}}],"line":119},"8":{"loc":{"start":{"line":137,"column":2},"end":{"line":139,"column":3}},"type":"if","locations":[{"start":{"line":137,"column":2},"end":{"line":139,"column":3}},{"start":{},"end":{}}],"line":137},"9":{"loc":{"start":{"line":137,"column":6},"end":{"line":137,"column":38}},"type":"binary-expr","locations":[{"start":{"line":137,"column":6},"end":{"line":137,"column":14}},{"start":{"line":137,"column":18},"end":{"line":137,"column":27}},{"start":{"line":137,"column":31},"end":{"line":137,"column":38}}],"line":137},"10":{"loc":{"start":{"line":146,"column":4},"end":{"line":148,"column":5}},"type":"if","locations":[{"start":{"line":146,"column":4},"end":{"line":148,"column":5}},{"start":{},"end":{}}],"line":146},"11":{"loc":{"start":{"line":146,"column":8},"end":{"line":146,"column":31}},"type":"binary-expr","locations":[{"start":{"line":146,"column":8},"end":{"line":146,"column":13}},{"start":{"line":146,"column":17},"end":{"line":146,"column":31}}],"line":146},"12":{"loc":{"start":{"line":155,"column":4},"end":{"line":160,"column":5}},"type":"if","locations":[{"start":{"line":155,"column":4},"end":{"line":160,"column":5}},{"start":{},"end":{}}],"line":155},"13":{"loc":{"start":{"line":171,"column":4},"end":{"line":176,"column":5}},"type":"if","locations":[{"start":{"line":171,"column":4},"end":{"line":176,"column":5}},{"start":{},"end":{}}],"line":171},"14":{"loc":{"start":{"line":216,"column":25},"end":{"line":216,"column":71}},"type":"cond-expr","locations":[{"start":{"line":216,"column":36},"end":{"line":216,"column":67}},{"start":{"line":216,"column":70},"end":{"line":216,"column":71}}],"line":216},"15":{"loc":{"start":{"line":235,"column":4},"end":{"line":237,"column":5}},"type":"if","locations":[{"start":{"line":235,"column":4},"end":{"line":237,"column":5}},{"start":{},"end":{}}],"line":235},"16":{"loc":{"start":{"line":235,"column":8},"end":{"line":235,"column":63}},"type":"binary-expr","locations":[{"start":{"line":235,"column":8},"end":{"line":235,"column":10}},{"start":{"line":235,"column":14},"end":{"line":235,"column":63}}],"line":235},"17":{"loc":{"start":{"line":241,"column":6},"end":{"line":242,"column":54}},"type":"binary-expr","locations":[{"start":{"line":241,"column":6},"end":{"line":241,"column":30}},{"start":{"line":242,"column":6},"end":{"line":242,"column":54}}],"line":241},"18":{"loc":{"start":{"line":259,"column":4},"end":{"line":261,"column":5}},"type":"if","locations":[{"start":{"line":259,"column":4},"end":{"line":261,"column":5}},{"start":{},"end":{}}],"line":259},"19":{"loc":{"start":{"line":259,"column":8},"end":{"line":259,"column":63}},"type":"binary-expr","locations":[{"start":{"line":259,"column":8},"end":{"line":259,"column":10}},{"start":{"line":259,"column":14},"end":{"line":259,"column":63}}],"line":259},"20":{"loc":{"start":{"line":264,"column":4},"end":{"line":266,"column":5}},"type":"if","locations":[{"start":{"line":264,"column":4},"end":{"line":266,"column":5}},{"start":{},"end":{}}],"line":264},"21":{"loc":{"start":{"line":290,"column":2},"end":{"line":292,"column":3}},"type":"if","locations":[{"start":{"line":290,"column":2},"end":{"line":292,"column":3}},{"start":{},"end":{}}],"line":290},"22":{"loc":{"start":{"line":290,"column":6},"end":{"line":290,"column":70}},"type":"binary-expr","locations":[{"start":{"line":290,"column":6},"end":{"line":290,"column":12}},{"start":{"line":290,"column":16},"end":{"line":290,"column":25}},{"start":{"line":290,"column":29},"end":{"line":290,"column":38}},{"start":{"line":290,"column":42},"end":{"line":290,"column":70}}],"line":290},"23":{"loc":{"start":{"line":296,"column":4},"end":{"line":298,"column":5}},"type":"if","locations":[{"start":{"line":296,"column":4},"end":{"line":298,"column":5}},{"start":{},"end":{}}],"line":296},"24":{"loc":{"start":{"line":327,"column":2},"end":{"line":329,"column":3}},"type":"if","locations":[{"start":{"line":327,"column":2},"end":{"line":329,"column":3}},{"start":{},"end":{}}],"line":327},"25":{"loc":{"start":{"line":327,"column":6},"end":{"line":327,"column":25}},"type":"binary-expr","locations":[{"start":{"line":327,"column":6},"end":{"line":327,"column":12}},{"start":{"line":327,"column":16},"end":{"line":327,"column":25}}],"line":327},"26":{"loc":{"start":{"line":336,"column":4},"end":{"line":338,"column":5}},"type":"if","locations":[{"start":{"line":336,"column":4},"end":{"line":338,"column":5}},{"start":{},"end":{}}],"line":336},"27":{"loc":{"start":{"line":336,"column":8},"end":{"line":336,"column":69}},"type":"binary-expr","locations":[{"start":{"line":336,"column":8},"end":{"line":336,"column":13}},{"start":{"line":336,"column":17},"end":{"line":336,"column":69}}],"line":336},"28":{"loc":{"start":{"line":356,"column":0},"end":{"line":360,"column":1}},"type":"if","locations":[{"start":{"line":356,"column":0},"end":{"line":360,"column":1}},{"start":{},"end":{}}],"line":356}},"s":{"0":1,"1":1,"2":1,"3":1,"4":1,"5":1,"6":1,"7":1,"8":1,"9":1,"10":1,"11":1,"12":1,"13":1,"14":1,"15":1,"16":1,"17":1,"18":1,"19":0,"20":0,"21":0,"22":1,"23":0,"24":0,"25":0,"26":0,"27":0,"28":0,"29":0,"30":1,"31":0,"32":0,"33":0,"34":0,"35":0,"36":1,"37":1,"38":1,"39":1,"40":1,"41":0,"42":1,"43":0,"44":1,"45":1,"46":1,"47":0,"48":0,"49":1,"50":0,"51":0,"52":0,"53":0,"54":0,"55":0,"56":0,"57":1,"58":0,"59":0,"60":0,"61":0,"62":0,"63":0,"64":0,"65":0,"66":0,"67":0,"68":0,"69":0,"70":0,"71":0,"72":0,"73":0,"74":0,"75":0,"76":0,"77":0,"78":1,"79":0,"80":0,"81":0,"82":0,"83":0,"84":0,"85":0,"86":0,"87":0,"88":1,"89":0,"90":0,"91":0,"92":0,"93":0,"94":0,"95":0,"96":0,"97":1,"98":0,"99":0,"100":0,"101":0,"102":0,"103":0,"104":0,"105":0,"106":0,"107":0,"108":0,"109":1,"110":0,"111":1,"112":0,"113":0,"114":0,"115":0,"116":0,"117":0,"118":0,"119":0,"120":0,"121":0,"122":0,"123":1,"124":0,"125":1,"126":0,"127":0,"128":0,"129":0,"130":0,"131":0,"132":0,"133":0,"134":0,"135":0,"136":0,"137":1,"138":0,"139":0,"140":1,"141":0,"142":0,"143":1},"f":{"0":1,"1":0,"2":0,"3":0,"4":1,"5":0,"6":0,"7":0,"8":0,"9":0,"10":0,"11":0,"12":0,"13":0,"14":0,"15":0,"16":0,"17":0},"b":{"0":[1,1],"1":[0,0],"2":[1,1],"3":[1,1],"4":[0,1],"5":[0,1],"6":[0,0],"7":[0,0],"8":[0,0],"9":[0,0,0],"10":[0,0],"11":[0,0],"12":[0,0],"13":[0,0],"14":[0,0],"15":[0,0],"16":[0,0],"17":[0,0],"18":[0,0],"19":[0,0],"20":[0,0],"21":[0,0],"22":[0,0,0,0],"23":[0,0],"24":[0,0],"25":[0,0],"26":[0,0],"27":[0,0],"28":[0,1]},"_coverageSchema":"1a1c01bbd47fc00a2c39e90264f33305004495a9","hash":"b57e4ea8f37e7b53e21e2cd22323dfeb700ca0ad"}
,"/workspaces/LINFO1212/hotel_louvain_project/models/Reservation.js": {"path":"/workspaces/LINFO1212/hotel_louvain_project/models/Reservation.js","statementMap":{"0":{"start":{"line":3,"column":17},"end":{"line":3,"column":36}},"1":{"start":{"line":5,"column":26},"end":{"line":17,"column":2}},"2":{"start":{"line":19,"column":0},"end":{"line":19,"column":66}}},"fnMap":{},"branchMap":{},"s":{"0":2,"1":2,"2":2},"f":{},"b":{},"_coverageSchema":"1a1c01bbd47fc00a2c39e90264f33305004495a9","hash":"df480617659c6a0a5da0771933ab004082b8d779"}
,"/workspaces/LINFO1212/hotel_louvain_project/models/Room.js": {"path":"/workspaces/LINFO1212/hotel_louvain_project/models/Room.js","statementMap":{"0":{"start":{"line":3,"column":17},"end":{"line":3,"column":36}},"1":{"start":{"line":5,"column":19},"end":{"line":18,"column":2}},"2":{"start":{"line":20,"column":0},"end":{"line":20,"column":52}}},"fnMap":{},"branchMap":{},"s":{"0":1,"1":1,"2":1},"f":{},"b":{},"_coverageSchema":"1a1c01bbd47fc00a2c39e90264f33305004495a9","hash":"4f2b03becde5eb56edf0f33434ad918447c22a34"}
,"/workspaces/LINFO1212/hotel_louvain_project/models/User.js": {"path":"/workspaces/LINFO1212/hotel_louvain_project/models/User.js","statementMap":{"0":{"start":{"line":3,"column":17},"end":{"line":3,"column":36}},"1":{"start":{"line":5,"column":19},"end":{"line":9,"column":2}},"2":{"start":{"line":11,"column":0},"end":{"line":11,"column":52}}},"fnMap":{},"branchMap":{},"s":{"0":2,"1":2,"2":2},"f":{},"b":{},"_coverageSchema":"1a1c01bbd47fc00a2c39e90264f33305004495a9","hash":"3d9b4ef1f2bf009eba4b6e833e20e09ef573ee98"}
}
