TN:
SF:db.js
FN:13,(anonymous_0)
FN:16,(anonymous_1)
FNF:2
FNH:1
FNDA:3,(anonymous_0)
FNDA:0,(anonymous_1)
DA:3,3
DA:7,3
DA:11,3
DA:14,3
DA:17,0
DA:20,3
LF:6
LH:5
BRDA:7,0,0,3
BRDA:7,0,1,0
BRF:2
BRH:1
end_of_record
TN:
SF:server.js
FN:37,(anonymous_0)
FN:43,(anonymous_1)
FN:51,(anonymous_2)
FN:68,(anonymous_3)
FN:82,(anonymous_4)
FN:113,(anonymous_5)
FN:132,(anonymous_6)
FN:206,(anonymous_7)
FN:214,(anonymous_8)
FN:229,(anonymous_9)
FN:253,(anonymous_10)
FN:281,(anonymous_11)
FN:286,(anonymous_12)
FN:318,(anonymous_13)
FN:323,(anonymous_14)
FN:351,(anonymous_15)
FN:352,(anonymous_16)
FN:357,(anonymous_17)
FNF:18
FNH:2
FNDA:1,(anonymous_0)
FNDA:0,(anonymous_1)
FNDA:0,(anonymous_2)
FNDA:0,(anonymous_3)
FNDA:1,(anonymous_4)
FNDA:0,(anonymous_5)
FNDA:0,(anonymous_6)
FNDA:0,(anonymous_7)
FNDA:0,(anonymous_8)
FNDA:0,(anonymous_9)
FNDA:0,(anonymous_10)
FNDA:0,(anonymous_11)
FNDA:0,(anonymous_12)
FNDA:0,(anonymous_13)
FNDA:0,(anonymous_14)
FNDA:0,(anonymous_15)
FNDA:0,(anonymous_16)
FNDA:0,(anonymous_17)
DA:2,1
DA:3,1
DA:4,1
DA:5,1
DA:8,1
DA:9,1
DA:10,1
DA:13,1
DA:16,1
DA:17,1
DA:20,1
DA:21,1
DA:24,1
DA:27,1
DA:30,1
DA:37,1
DA:38,1
DA:39,1
DA:43,1
DA:44,0
DA:45,0
DA:47,0
DA:51,1
DA:52,0
DA:53,0
DA:56,0
DA:57,0
DA:60,0
DA:61,0
DA:64,0
DA:68,1
DA:69,0
DA:71,0
DA:74,0
DA:76,0
DA:77,0
DA:82,1
DA:84,1
DA:85,1
DA:88,1
DA:91,1
DA:92,0
DA:96,1
DA:97,0
DA:100,1
DA:102,1
DA:105,1
DA:107,0
DA:108,0
DA:113,1
DA:114,0
DA:116,0
DA:119,0
DA:120,0
DA:124,0
DA:126,0
DA:127,0
DA:132,1
DA:134,0
DA:137,0
DA:138,0
DA:141,0
DA:143,0
DA:146,0
DA:147,0
DA:151,0
DA:152,0
DA:155,0
DA:156,0
DA:163,0
DA:171,0
DA:172,0
DA:179,0
DA:189,0
DA:190,0
DA:193,0
DA:200,0
DA:201,0
DA:206,1
DA:207,0
DA:209,0
DA:214,0
DA:215,0
DA:216,0
DA:217,0
DA:221,0
DA:223,0
DA:224,0
DA:229,1
DA:230,0
DA:232,0
DA:235,0
DA:236,0
DA:241,0
DA:245,0
DA:247,0
DA:248,0
DA:253,1
DA:254,0
DA:256,0
DA:259,0
DA:260,0
DA:264,0
DA:265,0
DA:269,0
DA:270,0
DA:273,0
DA:275,0
DA:276,0
DA:281,1
DA:282,0
DA:286,1
DA:287,0
DA:290,0
DA:291,0
DA:294,0
DA:296,0
DA:297,0
DA:301,0
DA:308,0
DA:310,0
DA:312,0
DA:313,0
DA:318,1
DA:319,0
DA:323,1
DA:324,0
DA:327,0
DA:328,0
DA:331,0
DA:333,0
DA:336,0
DA:337,0
DA:341,0
DA:343,0
DA:345,0
DA:346,0
DA:351,1
DA:352,0
DA:356,1
DA:357,0
DA:358,0
DA:363,1
LF:143
LH:42
BRDA:38,0,0,1
BRDA:38,0,1,1
BRDA:44,1,0,0
BRDA:44,1,1,0
BRDA:84,2,0,1
BRDA:84,2,1,1
BRDA:85,3,0,1
BRDA:85,3,1,1
BRDA:91,4,0,0
BRDA:91,4,1,1
BRDA:96,5,0,0
BRDA:96,5,1,1
BRDA:119,6,0,0
BRDA:119,6,1,0
BRDA:119,7,0,0
BRDA:119,7,1,0
BRDA:137,8,0,0
BRDA:137,8,1,0
BRDA:137,9,0,0
BRDA:137,9,1,0
BRDA:137,9,2,0
BRDA:146,10,0,0
BRDA:146,10,1,0
BRDA:146,11,0,0
BRDA:146,11,1,0
BRDA:155,12,0,0
BRDA:155,12,1,0
BRDA:171,13,0,0
BRDA:171,13,1,0
BRDA:216,14,0,0
BRDA:216,14,1,0
BRDA:235,15,0,0
BRDA:235,15,1,0
BRDA:235,16,0,0
BRDA:235,16,1,0
BRDA:241,17,0,0
BRDA:241,17,1,0
BRDA:259,18,0,0
BRDA:259,18,1,0
BRDA:259,19,0,0
BRDA:259,19,1,0
BRDA:264,20,0,0
BRDA:264,20,1,0
BRDA:290,21,0,0
BRDA:290,21,1,0
BRDA:290,22,0,0
BRDA:290,22,1,0
BRDA:290,22,2,0
BRDA:290,22,3,0
BRDA:296,23,0,0
BRDA:296,23,1,0
BRDA:327,24,0,0
BRDA:327,24,1,0
BRDA:327,25,0,0
BRDA:327,25,1,0
BRDA:336,26,0,0
BRDA:336,26,1,0
BRDA:336,27,0,0
BRDA:336,27,1,0
BRDA:356,28,0,0
BRDA:356,28,1,1
BRF:61
BRH:9
end_of_record
TN:
SF:models/Reservation.js
FNF:0
FNH:0
DA:3,2
DA:5,2
DA:19,2
LF:3
LH:3
BRF:0
BRH:0
end_of_record
TN:
SF:models/Room.js
FNF:0
FNH:0
DA:3,1
DA:5,1
DA:20,1
LF:3
LH:3
BRF:0
BRH:0
end_of_record
TN:
SF:models/User.js
FNF:0
FNH:0
DA:3,2
DA:5,2
DA:11,2
LF:3
LH:3
BRF:0
BRH:0
end_of_record
