TN:
SF:db.js
FN:13,(anonymous_0)
FN:16,(anonymous_1)
FNF:2
FNH:1
FNDA:3,(anonymous_0)
FNDA:0,(anonymous_1)
DA:3,3
DA:7,3
DA:11,3
DA:14,3
DA:17,0
DA:20,3
LF:6
LH:5
BRDA:7,0,0,3
BRDA:7,0,1,0
BRF:2
BRH:1
end_of_record
TN:
SF:server.js
FN:34,(anonymous_0)
FN:40,ensureAuthenticated
FN:48,(anonymous_2)
FN:59,(anonymous_3)
FN:77,(anonymous_4)
FN:91,(anonymous_5)
FN:123,(anonymous_6)
FN:137,(anonymous_7)
FN:142,(anonymous_8)
FN:181,(anonymous_9)
FN:186,(anonymous_10)
FN:218,(anonymous_11)
FN:219,(anonymous_12)
FN:226,(anonymous_13)
FNF:14
FNH:2
FNDA:1,(anonymous_0)
FNDA:0,ensureAuthenticated
FNDA:0,(anonymous_2)
FNDA:1,(anonymous_3)
FNDA:0,(anonymous_4)
FNDA:0,(anonymous_5)
FNDA:0,(anonymous_6)
FNDA:0,(anonymous_7)
FNDA:0,(anonymous_8)
FNDA:0,(anonymous_9)
FNDA:0,(anonymous_10)
FNDA:0,(anonymous_11)
FNDA:0,(anonymous_12)
FNDA:0,(anonymous_13)
DA:3,1
DA:4,1
DA:5,1
DA:6,1
DA:8,1
DA:9,1
DA:10,1
DA:11,1
DA:13,1
DA:14,1
DA:17,1
DA:18,1
DA:21,1
DA:22,1
DA:25,1
DA:34,1
DA:35,1
DA:36,1
DA:41,0
DA:42,0
DA:44,0
DA:48,1
DA:49,0
DA:50,0
DA:51,0
DA:53,0
DA:54,0
DA:59,1
DA:60,1
DA:61,1
DA:63,1
DA:64,0
DA:67,1
DA:68,1
DA:69,1
DA:71,0
DA:72,0
DA:77,1
DA:78,0
DA:79,0
DA:80,0
DA:81,0
DA:83,0
DA:85,0
DA:86,0
DA:91,1
DA:92,0
DA:94,0
DA:95,0
DA:98,0
DA:99,0
DA:100,0
DA:101,0
DA:104,0
DA:113,0
DA:115,0
DA:117,0
DA:118,0
DA:123,1
DA:124,0
DA:125,0
DA:129,0
DA:131,0
DA:132,0
DA:137,1
DA:138,0
DA:142,1
DA:143,0
DA:145,0
DA:146,0
DA:149,0
DA:150,0
DA:153,0
DA:154,0
DA:155,0
DA:156,0
DA:159,0
DA:161,0
DA:167,0
DA:173,0
DA:175,0
DA:176,0
DA:181,1
DA:182,0
DA:186,1
DA:187,0
DA:189,0
DA:190,0
DA:193,0
DA:194,0
DA:195,0
DA:196,0
DA:199,0
DA:200,0
DA:201,0
DA:204,0
DA:210,0
DA:212,0
DA:213,0
DA:218,1
DA:219,0
DA:220,0
DA:225,1
DA:226,0
DA:227,0
DA:232,1
LF:106
LH:36
BRDA:35,0,0,1
BRDA:35,0,1,1
BRDA:41,1,0,0
BRDA:41,1,1,0
BRDA:60,2,0,1
BRDA:60,2,1,1
BRDA:63,3,0,0
BRDA:63,3,1,1
BRDA:80,4,0,0
BRDA:80,4,1,0
BRDA:80,5,0,0
BRDA:80,5,1,0
BRDA:94,6,0,0
BRDA:94,6,1,0
BRDA:94,7,0,0
BRDA:94,7,1,0
BRDA:94,7,2,0
BRDA:100,8,0,0
BRDA:100,8,1,0
BRDA:100,9,0,0
BRDA:100,9,1,0
BRDA:145,10,0,0
BRDA:145,10,1,0
BRDA:145,11,0,0
BRDA:145,11,1,0
BRDA:145,11,2,0
BRDA:145,11,3,0
BRDA:149,12,0,0
BRDA:149,12,1,0
BRDA:155,13,0,0
BRDA:155,13,1,0
BRDA:189,14,0,0
BRDA:189,14,1,0
BRDA:189,15,0,0
BRDA:189,15,1,0
BRDA:195,16,0,0
BRDA:195,16,1,0
BRDA:200,17,0,0
BRDA:200,17,1,0
BRDA:225,18,0,0
BRDA:225,18,1,1
BRF:41
BRH:6
end_of_record
TN:
SF:models\Reservation.js
FNF:0
FNH:0
DA:3,2
DA:5,2
DA:19,2
LF:3
LH:3
BRF:0
BRH:0
end_of_record
TN:
SF:models\Room.js
FNF:0
FNH:0
DA:3,1
DA:5,1
DA:20,1
LF:3
LH:3
BRF:0
BRH:0
end_of_record
TN:
SF:models\User.js
FNF:0
FNH:0
DA:3,2
DA:5,2
DA:11,2
LF:3
LH:3
BRF:0
BRH:0
end_of_record
